CMake Error at C:/Espressif/tools/cmake/3.24.0/share/cmake-3.24/Modules/CMakeTestCCompiler.cmake:69 (message):
  The C compiler

    "C:/Espressif/tools/esp-clang/16.0.1-fe4f10a809/esp-clang/bin/clang.exe"

  is not able to compile a simple test program.

  It fails with the following output:

    Change Dir: C:/Users/user2/workspace_T07/continuous_read/main/build/CMakeFiles/CMakeTmp
    
    Run Build Command(s):C:/Espressif/tools/ninja/1.11.1/ninja.exe cmTC_c24d6 && [1/2] Building C object CMakeFiles/cmTC_c24d6.dir/testCCompiler.c.obj
    [2/2] Linking C executable cmTC_c24d6.exe
    FAILED: cmTC_c24d6.exe 
    cmd.exe /C "cd . && C:\Espressif\tools\esp-clang\16.0.1-fe4f10a809\esp-clang\bin\clang.exe   CMakeFiles/cmTC_c24d6.dir/testCCompiler.c.obj -o cmTC_c24d6.exe -Wl,--out-implib,libcmTC_c24d6.dll.a -Wl,--major-image-version,0,--minor-image-version,0  -lkernel32 -luser32 -lgdi32 -lwinspool -lshell32 -lole32 -loleaut32 -luuid -lcomdlg32 -ladvapi32 && cd ."
    lld: error: unable to find library -lkernel32
    lld: error: unable to find library -luser32
    lld: error: unable to find library -lgdi32
    lld: error: unable to find library -lwinspool
    lld: error: unable to find library -lshell32
    lld: error: unable to find library -lole32
    lld: error: unable to find library -loleaut32
    lld: error: unable to find library -luuid
    lld: error: unable to find library -lcomdlg32
    lld: error: unable to find library -ladvapi32
    lld: error: unable to find library -lmingw32
    lld: error: unable to find library -lunwind
    lld: error: unable to find library -lmoldname
    lld: error: unable to find library -lmingwex
    lld: error: unable to find library -lmsvcrt
    lld: error: unable to find library -ladvapi32
    lld: error: unable to find library -lshell32
    lld: error: unable to find library -luser32
    lld: error: unable to find library -lkernel32
    lld: error: unable to find library -lmingw32
    lld: error: too many errors emitted, stopping now
    clang: error: linker command failed with exit code 1 (use -v to see invocation)
    ninja: build stopped: subcommand failed.
    
    

  

  CMake will not be able to correctly generate this project.
Call Stack (most recent call first):
  CMakeLists.txt:6 (project)


